To github.com:juniqlim/note.git
   7b71bac..1cb54ea  master -> master
To github.com:juniqlim/note.git
   1a0fec4..9ea815b  master -> master
To github.com:juniqlim/note.git
   83eab41..e4b1f02  master -> master
To github.com:juniqlim/note.git
   5b5593a..a56e7e6  master -> master
To github.com:juniqlim/note.git
   a56e7e6..0d42d65  master -> master
To github.com:juniqlim/note.git
   2c92233..affb776  master -> master
To github.com:juniqlim/note.git
 ! [rejected]        master -> master (fetch first)
error: failed to push some refs to 'github.com:juniqlim/note.git'
hint: Updates were rejected because the remote contains work that you do not
hint: have locally. This is usually caused by another repository pushing to
hint: the same ref. If you want to integrate the remote changes, use
hint: 'git pull' before pushing again.
hint: See the 'Note about fast-forwards' in 'git push --help' for details.
To github.com:juniqlim/note.git
   8b31e3b..567d620  master -> master
To github.com:juniqlim/note.git
   5b45cea..6c7afb0  master -> master
To github.com:juniqlim/note.git
   d14a9f8..1ae82b3  master -> master
To github.com:juniqlim/note.git
   f39f04c..a28c2ed  master -> master
To github.com:juniqlim/note.git
   a28c2ed..a151f4f  master -> master
To github.com:juniqlim/note.git
   f1d88ce..9693311  master -> master
To github.com:juniqlim/note.git
   4765338..572e19d  master -> master
To github.com:juniqlim/note.git
   572e19d..53213a3  master -> master
To github.com:juniqlim/note.git
   53213a3..bdcbd5d  master -> master
To github.com:juniqlim/note.git
   f1dc0c4..7696777  master -> master
To github.com:juniqlim/note.git
   2b43a46..2598e2a  master -> master
To github.com:juniqlim/note.git
   2598e2a..9597c87  master -> master
To github.com:juniqlim/note.git
   9597c87..5861530  master -> master
To github.com:juniqlim/note.git
   5861530..4f0964e  master -> master
To github.com:juniqlim/note.git
   4f0964e..3accf9a  master -> master
To github.com:juniqlim/note.git
   3accf9a..affd4ac  master -> master
To github.com:juniqlim/note.git
   affd4ac..f1f4085  master -> master
To github.com:juniqlim/note.git
   f1f4085..043cba0  master -> master
To github.com:juniqlim/note.git
   043cba0..03317b1  master -> master
To github.com:juniqlim/note.git
   03317b1..3d9ccf2  master -> master
To github.com:juniqlim/note.git
   3d9ccf2..110a001  master -> master
To github.com:juniqlim/note.git
   110a001..0eefe03  master -> master
To github.com:juniqlim/note.git
   0eefe03..b9cc650  master -> master
To github.com:juniqlim/note.git
   b9cc650..4046959  master -> master
To github.com:juniqlim/note.git
   4046959..392ea2d  master -> master
To github.com:juniqlim/note.git
   2ec6e03..0bf10f6  master -> master
To github.com:juniqlim/note.git
   0bf10f6..59be856  master -> master
To github.com:juniqlim/note.git
   59be856..8a5a09d  master -> master
To github.com:juniqlim/note.git
   8a5a09d..240e302  master -> master
To github.com:juniqlim/note.git
   240e302..e472a86  master -> master
To github.com:juniqlim/note.git
   ae48161..a2739f6  master -> master
To github.com:juniqlim/note.git
   a2739f6..d5fb608  master -> master
To github.com:juniqlim/note.git
   12bce1f..cdaf3ca  master -> master
To github.com:juniqlim/note.git
   cdaf3ca..d5a68fd  master -> master
To github.com:juniqlim/note.git
   d5a68fd..bbeff21  master -> master
To github.com:juniqlim/note.git
   bbeff21..c063da9  master -> master
To github.com:juniqlim/note.git
   c063da9..a3d5f2f  master -> master
To github.com:juniqlim/note.git
   a3d5f2f..129db63  master -> master
To github.com:juniqlim/note.git
   129db63..43b0d69  master -> master
To github.com:juniqlim/note.git
   43b0d69..803d123  master -> master
To github.com:juniqlim/note.git
   803d123..0fd0db6  master -> master
To github.com:juniqlim/note.git
   0fd0db6..bb98a47  master -> master
To github.com:juniqlim/note.git
   bb98a47..d98d129  master -> master
To github.com:juniqlim/note.git
   d98d129..7cddc59  master -> master
To github.com:juniqlim/note.git
   7cddc59..27cb462  master -> master
To github.com:juniqlim/note.git
   27cb462..1be4bf9  master -> master
To github.com:juniqlim/note.git
 ! [rejected]        master -> master (fetch first)
error: failed to push some refs to 'github.com:juniqlim/note.git'
hint: Updates were rejected because the remote contains work that you do not
hint: have locally. This is usually caused by another repository pushing to
hint: the same ref. If you want to integrate the remote changes, use
hint: 'git pull' before pushing again.
hint: See the 'Note about fast-forwards' in 'git push --help' for details.
To github.com:juniqlim/note.git
   50bd286..1820007  master -> master
To github.com:juniqlim/note.git
   1820007..0f6e068  master -> master
To github.com:juniqlim/note.git
   0f6e068..e8cd0a2  master -> master
To github.com:juniqlim/note.git
 ! [rejected]        master -> master (fetch first)
error: failed to push some refs to 'github.com:juniqlim/note.git'
hint: Updates were rejected because the remote contains work that you do not
hint: have locally. This is usually caused by another repository pushing to
hint: the same ref. If you want to integrate the remote changes, use
hint: 'git pull' before pushing again.
hint: See the 'Note about fast-forwards' in 'git push --help' for details.
To github.com:juniqlim/note.git
 ! [rejected]        master -> master (fetch first)
error: failed to push some refs to 'github.com:juniqlim/note.git'
hint: Updates were rejected because the remote contains work that you do not
hint: have locally. This is usually caused by another repository pushing to
hint: the same ref. If you want to integrate the remote changes, use
hint: 'git pull' before pushing again.
hint: See the 'Note about fast-forwards' in 'git push --help' for details.
To github.com:juniqlim/note.git
 ! [rejected]        master -> master (fetch first)
error: failed to push some refs to 'github.com:juniqlim/note.git'
hint: Updates were rejected because the remote contains work that you do not
hint: have locally. This is usually caused by another repository pushing to
hint: the same ref. If you want to integrate the remote changes, use
hint: 'git pull' before pushing again.
hint: See the 'Note about fast-forwards' in 'git push --help' for details.
To github.com:juniqlim/note.git
 ! [rejected]        master -> master (fetch first)
error: failed to push some refs to 'github.com:juniqlim/note.git'
hint: Updates were rejected because the remote contains work that you do not
hint: have locally. This is usually caused by another repository pushing to
hint: the same ref. If you want to integrate the remote changes, use
hint: 'git pull' before pushing again.
hint: See the 'Note about fast-forwards' in 'git push --help' for details.
To github.com:juniqlim/note.git
 ! [rejected]        master -> master (fetch first)
error: failed to push some refs to 'github.com:juniqlim/note.git'
hint: Updates were rejected because the remote contains work that you do not
hint: have locally. This is usually caused by another repository pushing to
hint: the same ref. If you want to integrate the remote changes, use
hint: 'git pull' before pushing again.
hint: See the 'Note about fast-forwards' in 'git push --help' for details.
To github.com:juniqlim/note.git
 ! [rejected]        master -> master (fetch first)
error: failed to push some refs to 'github.com:juniqlim/note.git'
hint: Updates were rejected because the remote contains work that you do not
hint: have locally. This is usually caused by another repository pushing to
hint: the same ref. If you want to integrate the remote changes, use
hint: 'git pull' before pushing again.
hint: See the 'Note about fast-forwards' in 'git push --help' for details.
To github.com:juniqlim/note.git
 ! [rejected]        master -> master (fetch first)
error: failed to push some refs to 'github.com:juniqlim/note.git'
hint: Updates were rejected because the remote contains work that you do not
hint: have locally. This is usually caused by another repository pushing to
hint: the same ref. If you want to integrate the remote changes, use
hint: 'git pull' before pushing again.
hint: See the 'Note about fast-forwards' in 'git push --help' for details.
To github.com:juniqlim/note.git
 ! [rejected]        master -> master (fetch first)
error: failed to push some refs to 'github.com:juniqlim/note.git'
hint: Updates were rejected because the remote contains work that you do not
hint: have locally. This is usually caused by another repository pushing to
hint: the same ref. If you want to integrate the remote changes, use
hint: 'git pull' before pushing again.
hint: See the 'Note about fast-forwards' in 'git push --help' for details.
To github.com:juniqlim/note.git
 ! [rejected]        master -> master (fetch first)
error: failed to push some refs to 'github.com:juniqlim/note.git'
hint: Updates were rejected because the remote contains work that you do not
hint: have locally. This is usually caused by another repository pushing to
hint: the same ref. If you want to integrate the remote changes, use
hint: 'git pull' before pushing again.
hint: See the 'Note about fast-forwards' in 'git push --help' for details.
To github.com:juniqlim/note.git
 ! [rejected]        master -> master (fetch first)
error: failed to push some refs to 'github.com:juniqlim/note.git'
hint: Updates were rejected because the remote contains work that you do not
hint: have locally. This is usually caused by another repository pushing to
hint: the same ref. If you want to integrate the remote changes, use
hint: 'git pull' before pushing again.
hint: See the 'Note about fast-forwards' in 'git push --help' for details.
To github.com:juniqlim/note.git
 ! [rejected]        master -> master (fetch first)
error: failed to push some refs to 'github.com:juniqlim/note.git'
hint: Updates were rejected because the remote contains work that you do not
hint: have locally. This is usually caused by another repository pushing to
hint: the same ref. If you want to integrate the remote changes, use
hint: 'git pull' before pushing again.
hint: See the 'Note about fast-forwards' in 'git push --help' for details.
To github.com:juniqlim/note.git
 ! [rejected]        master -> master (fetch first)
error: failed to push some refs to 'github.com:juniqlim/note.git'
hint: Updates were rejected because the remote contains work that you do not
hint: have locally. This is usually caused by another repository pushing to
hint: the same ref. If you want to integrate the remote changes, use
hint: 'git pull' before pushing again.
hint: See the 'Note about fast-forwards' in 'git push --help' for details.
To github.com:juniqlim/note.git
 ! [rejected]        master -> master (fetch first)
error: failed to push some refs to 'github.com:juniqlim/note.git'
hint: Updates were rejected because the remote contains work that you do not
hint: have locally. This is usually caused by another repository pushing to
hint: the same ref. If you want to integrate the remote changes, use
hint: 'git pull' before pushing again.
hint: See the 'Note about fast-forwards' in 'git push --help' for details.
To github.com:juniqlim/note.git
 ! [rejected]        master -> master (fetch first)
error: failed to push some refs to 'github.com:juniqlim/note.git'
hint: Updates were rejected because the remote contains work that you do not
hint: have locally. This is usually caused by another repository pushing to
hint: the same ref. If you want to integrate the remote changes, use
hint: 'git pull' before pushing again.
hint: See the 'Note about fast-forwards' in 'git push --help' for details.
To github.com:juniqlim/note.git
 ! [rejected]        master -> master (fetch first)
error: failed to push some refs to 'github.com:juniqlim/note.git'
hint: Updates were rejected because the remote contains work that you do not
hint: have locally. This is usually caused by another repository pushing to
hint: the same ref. If you want to integrate the remote changes, use
hint: 'git pull' before pushing again.
hint: See the 'Note about fast-forwards' in 'git push --help' for details.
To github.com:juniqlim/note.git
 ! [rejected]        master -> master (fetch first)
error: failed to push some refs to 'github.com:juniqlim/note.git'
hint: Updates were rejected because the remote contains work that you do not
hint: have locally. This is usually caused by another repository pushing to
hint: the same ref. If you want to integrate the remote changes, use
hint: 'git pull' before pushing again.
hint: See the 'Note about fast-forwards' in 'git push --help' for details.
To github.com:juniqlim/note.git
 ! [rejected]        master -> master (fetch first)
error: failed to push some refs to 'github.com:juniqlim/note.git'
hint: Updates were rejected because the remote contains work that you do not
hint: have locally. This is usually caused by another repository pushing to
hint: the same ref. If you want to integrate the remote changes, use
hint: 'git pull' before pushing again.
hint: See the 'Note about fast-forwards' in 'git push --help' for details.
To github.com:juniqlim/note.git
 ! [rejected]        master -> master (fetch first)
error: failed to push some refs to 'github.com:juniqlim/note.git'
hint: Updates were rejected because the remote contains work that you do not
hint: have locally. This is usually caused by another repository pushing to
hint: the same ref. If you want to integrate the remote changes, use
hint: 'git pull' before pushing again.
hint: See the 'Note about fast-forwards' in 'git push --help' for details.
To github.com:juniqlim/note.git
 ! [rejected]        master -> master (fetch first)
error: failed to push some refs to 'github.com:juniqlim/note.git'
hint: Updates were rejected because the remote contains work that you do not
hint: have locally. This is usually caused by another repository pushing to
hint: the same ref. If you want to integrate the remote changes, use
hint: 'git pull' before pushing again.
hint: See the 'Note about fast-forwards' in 'git push --help' for details.
To github.com:juniqlim/note.git
 ! [rejected]        master -> master (fetch first)
error: failed to push some refs to 'github.com:juniqlim/note.git'
hint: Updates were rejected because the remote contains work that you do not
hint: have locally. This is usually caused by another repository pushing to
hint: the same ref. If you want to integrate the remote changes, use
hint: 'git pull' before pushing again.
hint: See the 'Note about fast-forwards' in 'git push --help' for details.
To github.com:juniqlim/note.git
 ! [rejected]        master -> master (fetch first)
error: failed to push some refs to 'github.com:juniqlim/note.git'
hint: Updates were rejected because the remote contains work that you do not
hint: have locally. This is usually caused by another repository pushing to
hint: the same ref. If you want to integrate the remote changes, use
hint: 'git pull' before pushing again.
hint: See the 'Note about fast-forwards' in 'git push --help' for details.
To github.com:juniqlim/note.git
 ! [rejected]        master -> master (fetch first)
error: failed to push some refs to 'github.com:juniqlim/note.git'
hint: Updates were rejected because the remote contains work that you do not
hint: have locally. This is usually caused by another repository pushing to
hint: the same ref. If you want to integrate the remote changes, use
hint: 'git pull' before pushing again.
hint: See the 'Note about fast-forwards' in 'git push --help' for details.
